#
# A fatal error has been detected by the Java Runtime Environment:
#
#  EXCEPTION_ACCESS_VIOLATION (0xc0000005) at pc=0x0000000180005b00, pid=3096, tid=0x0000000000004334
#
# JRE version: Java(TM) SE Runtime Environment (8.0_351-b10) (build 1.8.0_351-b10)
# Java VM: Java HotSpot(TM) 64-Bit Server VM (25.351-b10 mixed mode windows-amd64 compressed oops)
# Problematic frame:
# C  [rxtxSerial.dll+0x5b00]
#
# Failed to write core dump. Minidumps are not enabled by default on client versions of Windows
#
# If you would like to submit a bug report, please visit:
#   http://bugreport.java.com/bugreport/crash.jsp
# The crash happened outside the Java Virtual Machine in native code.
# See problematic frame for where to report the bug.
#

---------------  T H R E A D  ---------------

Current thread (0x000001e82fd94800):  JavaThread "Thread-4" [_thread_in_native, id=17204, stack(0x0000003d60d00000,0x0000003d60e00000)]

siginfo: ExceptionCode=0xc0000005, reading address 0x0000000060dfeb68

Registers:
RAX=0x0000000000000001, RBX=0x0000000000000000, RCX=0x000000018001d4d5, RDX=0xfffffffffffff665
RSP=0x0000003d60dfdd80, RBP=0x00000000ffffffff, RSI=0x0000000000000000, RDI=0x000001e82fd94a00
R8 =0x0000000000000002, R9 =0xfffffffffffff63c, R10=0x0000000000000018, R11=0x8101010101010100
R12=0x0000000060dfeb60, R13=0x0000000000000004, R14=0x0000003d60dfdf60, R15=0x0000000000000000
RIP=0x0000000180005b00, EFLAGS=0x0000000000010202

Top of Stack: (sp=0x0000003d60dfdd80)
0x0000003d60dfdd80:   0000000000000000 0000000060dfeb60
0x0000003d60dfdd90:   0000000000000000 0000000000000000
0x0000003d60dfdda0:   0000000000000000 0000003d60dfdf60
0x0000003d60dfddb0:   000001e83789d468 0000000000000001
0x0000003d60dfddc0:   000001e82fd94a00 0000000000000004
0x0000003d60dfddd0:   ffffffffffffffff 0000000180006211
0x0000003d60dfdde0:   000001e82fe10450 ffffffffffffffff
0x0000003d60dfddf0:   0000000000000001 000001e82fe10450
0x0000003d60dfde00:   000001e800000004 0000003dffffffff
0x0000003d60dfde10:   0000003d60dfdf68 000000005b83358b
0x0000003d60dfde20:   0000003d60dfde50 0000000000000000
0x0000003d60dfde30:   000001e82fd94800 000001e82fefe870
0x0000003d60dfde40:   000001e83789d470 000001e82fd94800
0x0000003d60dfde50:   000001e83789d470 00000462c2e93610
0x0000003d60dfde60:   000001e813be7e40 000001e83789d468
0x0000003d60dfde70:   000001e82fd94800 0000003d60dfdf68 

Instructions: (pc=0x0000000180005b00)
0x0000000180005ae0:   15 23 7a 01 00 48 8d 48 60 e8 3a 5d 00 00 4c 8b
0x0000000180005af0:   e5 8b ac 24 88 00 00 00 44 8b ac 24 80 00 00 00
0x0000000180005b00:   45 8b 74 24 08 41 89 5c 24 08 41 8b fd 85 ed 78
0x0000000180005b10:   09 ff 15 e9 14 01 00 44 8b f8 45 85 ed 7e 4a 90 


Register to memory mapping:

RAX=0x0000000000000001 is an unknown value
RBX=0x0000000000000000 is an unknown value
RCX=0x000000018001d4d5 is an unknown value
RDX=0xfffffffffffff665 is an unknown value
RSP=0x0000003d60dfdd80 is pointing into the stack for thread: 0x000001e82fd94800
RBP=0x00000000ffffffff is an unknown value
RSI=0x0000000000000000 is an unknown value
RDI=0x000001e82fd94a00 is an unknown value
R8 =0x0000000000000002 is an unknown value
R9 =0xfffffffffffff63c is an unknown value
R10=0x0000000000000018 is an unknown value
R11=0x8101010101010100 is an unknown value
R12=0x0000000060dfeb60 is an unknown value
R13=0x0000000000000004 is an unknown value
R14=0x0000003d60dfdf60 is pointing into the stack for thread: 0x000001e82fd94800
R15=0x0000000000000000 is an unknown value


Stack: [0x0000003d60d00000,0x0000003d60e00000],  sp=0x0000003d60dfdd80,  free space=1015k
Native frames: (J=compiled Java code, j=interpreted, Vv=VM code, C=native code)
C  [rxtxSerial.dll+0x5b00]
C  [rxtxSerial.dll+0x6211]
C  0x000001e813bfa02e

Java frames: (J=compiled Java code, j=interpreted, Vv=VM code)
j  gnu.io.RXTXPort.readArray([BII)I+0
j  gnu.io.RXTXPort$SerialInputStream.read([BII)I+212
j  sun.nio.cs.StreamDecoder.readBytes()I+135
j  sun.nio.cs.StreamDecoder.implRead([CII)I+112
j  sun.nio.cs.StreamDecoder.read([CII)I+180
j  java.io.InputStreamReader.read([CII)I+7
j  java.io.BufferedReader.fill()V+145
J 26 C1 java.io.BufferedReader.readLine(Z)Ljava/lang/String; (304 bytes) @ 0x000001e813cf86bc [0x000001e813cf83e0+0x2dc]
j  java.io.BufferedReader.readLine()Ljava/lang/String;+2
j  utils.ArduinoSerial.serialEvent(Lgnu/io/SerialPortEvent;)V+13
j  gnu.io.RXTXPort.sendEvent(IZ)Z+382
v  ~StubRoutines::call_stub
j  gnu.io.RXTXPort.eventLoop()V+0
j  gnu.io.RXTXPort$MonitorThread.run()V+12
v  ~StubRoutines::call_stub

---------------  P R O C E S S  ---------------

Java Threads: ( => current thread )
=>0x000001e82fd94800 JavaThread "Thread-4" [_thread_in_native, id=17204, stack(0x0000003d60d00000,0x0000003d60e00000)]
  0x000001e82fd97800 JavaThread "Thread-3" [_thread_in_Java, id=17208, stack(0x0000003d60c00000,0x0000003d60d00000)]
  0x000001e82fd98000 JavaThread "Thread-2" [_thread_in_Java, id=23040, stack(0x0000003d62f00000,0x0000003d63000000)]
  0x000001e82fd9b000 JavaThread "TimerQueue" daemon [_thread_blocked, id=17172, stack(0x0000003d62e00000,0x0000003d62f00000)]
  0x000001e82fd96800 JavaThread "DestroyJavaVM" [_thread_blocked, id=22812, stack(0x0000003d60f00000,0x0000003d61000000)]
  0x000001e82fd93800 JavaThread "AWT-EventQueue-0" [_thread_blocked, id=3876, stack(0x0000003d62a00000,0x0000003d62b00000)]
  0x000001e82f71a000 JavaThread "AWT-Windows" daemon [_thread_in_native, id=3692, stack(0x0000003d62700000,0x0000003d62800000)]
  0x000001e82f714800 JavaThread "AWT-Shutdown" [_thread_blocked, id=3680, stack(0x0000003d62600000,0x0000003d62700000)]
  0x000001e82f711000 JavaThread "Java2D Disposer" daemon [_thread_blocked, id=3816, stack(0x0000003d62500000,0x0000003d62600000)]
  0x000001e82f378000 JavaThread "Service Thread" daemon [_thread_blocked, id=3788, stack(0x0000003d62300000,0x0000003d62400000)]
  0x000001e82ceaa800 JavaThread "C1 CompilerThread3" daemon [_thread_blocked, id=3792, stack(0x0000003d62200000,0x0000003d62300000)]
  0x000001e82cea6800 JavaThread "C2 CompilerThread2" daemon [_thread_blocked, id=3644, stack(0x0000003d62100000,0x0000003d62200000)]
  0x000001e82ce9f000 JavaThread "C2 CompilerThread1" daemon [_thread_blocked, id=3652, stack(0x0000003d62000000,0x0000003d62100000)]
  0x000001e82ce9d800 JavaThread "C2 CompilerThread0" daemon [_thread_blocked, id=3712, stack(0x0000003d61f00000,0x0000003d62000000)]
  0x000001e82ce9b800 JavaThread "Attach Listener" daemon [_thread_blocked, id=3560, stack(0x0000003d61e00000,0x0000003d61f00000)]
  0x000001e82ce98800 JavaThread "Signal Dispatcher" daemon [_thread_blocked, id=3612, stack(0x0000003d61d00000,0x0000003d61e00000)]
  0x000001e82ce72000 JavaThread "Finalizer" daemon [_thread_blocked, id=3660, stack(0x0000003d61c00000,0x0000003d61d00000)]
  0x000001e82ce69800 JavaThread "Reference Handler" daemon [_thread_blocked, id=3708, stack(0x0000003d61b00000,0x0000003d61c00000)]

Other Threads:
  0x000001e82ce42800 VMThread [stack: 0x0000003d61a00000,0x0000003d61b00000] [id=3664]
  0x000001e82ceb8800 WatcherThread [stack: 0x0000003d62400000,0x0000003d62500000] [id=3672]

VM state:not at safepoint (normal execution)

VM Mutex/Monitor currently owned by a thread: None

heap address: 0x00000006c2a00000, size: 4054 MB, Compressed Oops mode: Zero based, Oop shift amount: 3
Narrow klass base: 0x0000000000000000, Narrow klass shift: 3
Compressed class space size: 1073741824 Address: 0x00000007c0000000

Heap:
 PSYoungGen      total 75776K, used 18258K [0x000000076b900000, 0x0000000770d80000, 0x00000007c0000000)
  eden space 65024K, 28% used [0x000000076b900000,0x000000076cad4bd8,0x000000076f880000)
  from space 10752K, 0% used [0x0000000770300000,0x0000000770300000,0x0000000770d80000)
  to   space 10752K, 0% used [0x000000076f880000,0x000000076f880000,0x0000000770300000)
 ParOldGen       total 173568K, used 0K [0x00000006c2a00000, 0x00000006cd380000, 0x000000076b900000)
  object space 173568K, 0% used [0x00000006c2a00000,0x00000006c2a00000,0x00000006cd380000)
 Metaspace       used 10953K, capacity 11160K, committed 11520K, reserved 1058816K
  class space    used 1317K, capacity 1418K, committed 1536K, reserved 1048576K

Card table byte_map: [0x000001e822fa0000,0x000001e823790000] byte_map_base: 0x000001e81f98b000

Marking Bits: (ParMarkBitMap*) 0x000000005bf58fd0
 Begin Bits: [0x000001e823ce0000, 0x000001e827c38000)
 End Bits:   [0x000001e827c38000, 0x000001e82bb90000)

Polling page: 0x000001e813bb0000

CodeCache: size=245760Kb used=3310Kb max_used=3321Kb free=242449Kb
 bounds [0x000001e813be0000, 0x000001e813f20000, 0x000001e822be0000]
 total_blobs=1421 nmethods=948 adapters=385
 compilation: enabled

Compilation events (10 events):
Event: 60.032 Thread 0x000001e82ceaa800  944       3       java.awt.Component::areInputMethodsEnabled (39 bytes)
Event: 60.032 Thread 0x000001e82ceaa800 nmethod 944 0x000001e813f14f10 code [0x000001e813f15060, 0x000001e813f152d8]
Event: 60.153 Thread 0x000001e82ceaa800  945       3       java.awt.geom.AffineTransform::equals (92 bytes)
Event: 60.153 Thread 0x000001e82ceaa800 nmethod 945 0x000001e813f1b490 code [0x000001e813f1b600, 0x000001e813f1bc18]
Event: 60.153 Thread 0x000001e82ceaa800  946       3       java.awt.Rectangle::getBounds (24 bytes)
Event: 60.153 Thread 0x000001e82ceaa800 nmethod 946 0x000001e813f1bcd0 code [0x000001e813f1be40, 0x000001e813f1c198]
Event: 60.221 Thread 0x000001e82cea6800  947       4       java.lang.AbstractStringBuilder::append (50 bytes)
Event: 60.226 Thread 0x000001e82cea6800 nmethod 947 0x000001e813f1f3d0 code [0x000001e813f1f540, 0x000001e813f1f9a8]
Event: 60.234 Thread 0x000001e82ce9f000  948       4       screens.CLPInterface$26::run (18 bytes)
Event: 60.234 Thread 0x000001e82ce9f000 nmethod 948 0x000001e813f1c350 code [0x000001e813f1c4a0, 0x000001e813f1c548]

GC Heap History (0 events):
No events

Deoptimization events (6 events):
Event: 0.431 Thread 0x000001e8122a2000 Uncommon trap: reason=null_check action=make_not_entrant pc=0x000001e813d51a14 method=java.lang.String.equals(Ljava/lang/Object;)Z @ 8
Event: 2.105 Thread 0x000001e82fd93800 Uncommon trap: reason=class_check action=maybe_recompile pc=0x000001e813df1158 method=java.util.HashMap.getNode(ILjava/lang/Object;)Ljava/util/HashMap$Node; @ 126
Event: 2.106 Thread 0x000001e82fd93800 Uncommon trap: reason=class_check action=maybe_recompile pc=0x000001e813df1158 method=java.util.HashMap.getNode(ILjava/lang/Object;)Ljava/util/HashMap$Node; @ 126
Event: 2.107 Thread 0x000001e82fd98000 Uncommon trap: reason=class_check action=maybe_recompile pc=0x000001e813df1158 method=java.util.HashMap.getNode(ILjava/lang/Object;)Ljava/util/HashMap$Node; @ 126
Event: 2.107 Thread 0x000001e82fd98000 Uncommon trap: reason=class_check action=maybe_recompile pc=0x000001e813df1158 method=java.util.HashMap.getNode(ILjava/lang/Object;)Ljava/util/HashMap$Node; @ 126
Event: 2.108 Thread 0x000001e82fd98000 Uncommon trap: reason=class_check action=maybe_recompile pc=0x000001e813dd251c method=java.util.HashMap.getNode(ILjava/lang/Object;)Ljava/util/HashMap$Node; @ 126

Classes redefined (0 events):
No events

Internal exceptions (10 events):
Event: 0.168 Thread 0x000001e8122a2000 Exception <a 'java/lang/NoSuchFieldError': method resolution failed> (0x000000076bbc52a0) thrown at [C:\jenkins\workspace\8-2-build-windows-x64-cygwin\jdk8u351\2908\hotspot\src\share\vm\prims\methodHandles.cpp, line 1188]
Event: 0.217 Thread 0x000001e8122a2000 Exception <a 'java/io/FileNotFoundException'> (0x000000076bc63608) thrown at [C:\jenkins\workspace\8-2-build-windows-x64-cygwin\jdk8u351\2908\hotspot\src\share\vm\prims\jni.cpp, line 710]
Event: 0.431 Thread 0x000001e8122a2000 Implicit null exception at 0x000001e813d51826 to 0x000001e813d51a05
Event: 2.118 Thread 0x000001e82fd98000 Exception <a 'java/io/FileNotFoundException'> (0x000000076c5f50d8) thrown at [C:\jenkins\workspace\8-2-build-windows-x64-cygwin\jdk8u351\2908\hotspot\src\share\vm\prims\jni.cpp, line 710]
Event: 2.119 Thread 0x000001e82fd98000 Exception <a 'java/io/FileNotFoundException'> (0x000000076c60b968) thrown at [C:\jenkins\workspace\8-2-build-windows-x64-cygwin\jdk8u351\2908\hotspot\src\share\vm\prims\jni.cpp, line 710]
Event: 2.121 Thread 0x000001e82fd98000 Exception <a 'java/io/FileNotFoundException'> (0x000000076c61f308) thrown at [C:\jenkins\workspace\8-2-build-windows-x64-cygwin\jdk8u351\2908\hotspot\src\share\vm\prims\jni.cpp, line 710]
Event: 2.122 Thread 0x000001e82fd98000 Exception <a 'java/io/FileNotFoundException'> (0x000000076c635630) thrown at [C:\jenkins\workspace\8-2-build-windows-x64-cygwin\jdk8u351\2908\hotspot\src\share\vm\prims\jni.cpp, line 710]
Event: 2.133 Thread 0x000001e82fd98000 Exception <a 'gnu/io/PortInUseException': No error in open> (0x000000076c657f88) thrown at [C:\jenkins\workspace\8-2-build-windows-x64-cygwin\jdk8u351\2908\hotspot\src\share\vm\prims\jni.cpp, line 737]
Event: 60.220 Thread 0x000001e82fd97800 Exception <a 'java/io/FileNotFoundException'> (0x000000076c706010) thrown at [C:\jenkins\workspace\8-2-build-windows-x64-cygwin\jdk8u351\2908\hotspot\src\share\vm\prims\jni.cpp, line 710]
Event: 60.221 Thread 0x000001e82fd97800 Exception <a 'java/io/FileNotFoundException'> (0x000000076c71c338) thrown at [C:\jenkins\workspace\8-2-build-windows-x64-cygwin\jdk8u351\2908\hotspot\src\share\vm\prims\jni.cpp, line 710]

Events (10 events):
Event: 4.136 Executing VM operation: EnableBiasedLocking
Event: 4.136 Executing VM operation: EnableBiasedLocking done
Event: 60.219 Thread 0x000001e82fd97800 Thread added: 0x000001e82fd97800
Event: 60.225 loading class gnu/io/RXTXPort$MonitorThread
Event: 60.225 loading class gnu/io/RXTXPort$MonitorThread done
Event: 60.226 Thread 0x000001e82fd94800 Thread added: 0x000001e82fd94800
Event: 60.234 Thread 0x000001e82fd97800 DEOPT PACKING pc=0x000001e813e7a156 sp=0x0000003d60cff390
Event: 60.234 Thread 0x000001e82fd97800 DEOPT UNPACKING pc=0x000001e813c27918 sp=0x0000003d60cff0c0 mode 0
Event: 60.244 loading class gnu/io/SerialPortEvent
Event: 60.244 loading class gnu/io/SerialPortEvent done


Dynamic libraries:
0x00007ff627870000 - 0x00007ff6278b7000 	C:\Program Files\Java\jdk1.8.0_351\bin\java.exe
0x00007ff99eb40000 - 0x00007ff99ed49000 	C:\WINDOWS\SYSTEM32\ntdll.dll
0x00007ff99de00000 - 0x00007ff99debe000 	C:\WINDOWS\System32\KERNEL32.DLL
0x00007ff99c430000 - 0x00007ff99c7ab000 	C:\WINDOWS\System32\KERNELBASE.dll
0x00007ff99d6f0000 - 0x00007ff99d79e000 	C:\WINDOWS\System32\ADVAPI32.dll
0x00007ff99ea50000 - 0x00007ff99eaf3000 	C:\WINDOWS\System32\msvcrt.dll
0x00007ff99cc70000 - 0x00007ff99cd0e000 	C:\WINDOWS\System32\sechost.dll
0x00007ff99e780000 - 0x00007ff99e8a0000 	C:\WINDOWS\System32\RPCRT4.dll
0x00007ff99e8a0000 - 0x00007ff99ea4d000 	C:\WINDOWS\System32\USER32.dll
0x00007ff99c080000 - 0x00007ff99c0a6000 	C:\WINDOWS\System32\win32u.dll
0x00007ff99dec0000 - 0x00007ff99dee9000 	C:\WINDOWS\System32\GDI32.dll
0x00007ff99c310000 - 0x00007ff99c428000 	C:\WINDOWS\System32\gdi32full.dll
0x00007ff99c920000 - 0x00007ff99c9bd000 	C:\WINDOWS\System32\msvcp_win.dll
0x00007ff99c0b0000 - 0x00007ff99c1c1000 	C:\WINDOWS\System32\ucrtbase.dll
0x00007ff987210000 - 0x00007ff9874b5000 	C:\WINDOWS\WinSxS\amd64_microsoft.windows.common-controls_6595b64144ccf1df_6.0.22000.120_none_9d947278b86cc467\COMCTL32.dll
0x00007ff99d950000 - 0x00007ff99d982000 	C:\WINDOWS\System32\IMM32.DLL
0x00007ff994e10000 - 0x00007ff994e25000 	C:\Program Files\Java\jdk1.8.0_351\jre\bin\vcruntime140.dll
0x00007ff8fae10000 - 0x00007ff8faeab000 	C:\Program Files\Java\jdk1.8.0_351\jre\bin\msvcp140.dll
0x000000005b770000 - 0x000000005bfd1000 	C:\Program Files\Java\jdk1.8.0_351\jre\bin\server\jvm.dll
0x00007ff99cf60000 - 0x00007ff99cf68000 	C:\WINDOWS\System32\PSAPI.DLL
0x00007ff97ffc0000 - 0x00007ff97ffc9000 	C:\WINDOWS\SYSTEM32\WSOCK32.dll
0x00007ff995ca0000 - 0x00007ff995caa000 	C:\WINDOWS\SYSTEM32\VERSION.dll
0x00007ff995d10000 - 0x00007ff995d43000 	C:\WINDOWS\SYSTEM32\WINMM.dll
0x00007ff99def0000 - 0x00007ff99df5f000 	C:\WINDOWS\System32\WS2_32.dll
0x00007ff99b180000 - 0x00007ff99b198000 	C:\WINDOWS\SYSTEM32\kernel.appcore.dll
0x00007ff994e00000 - 0x00007ff994e10000 	C:\Program Files\Java\jdk1.8.0_351\jre\bin\verify.dll
0x00007ff994670000 - 0x00007ff99469b000 	C:\Program Files\Java\jdk1.8.0_351\jre\bin\java.dll
0x00007ff96e5e0000 - 0x00007ff96e5f8000 	C:\Program Files\Java\jdk1.8.0_351\jre\bin\zip.dll
0x00007ff99df60000 - 0x00007ff99e718000 	C:\WINDOWS\System32\SHELL32.dll
0x00007ff99a110000 - 0x00007ff99a975000 	C:\WINDOWS\SYSTEM32\windows.storage.dll
0x00007ff99d370000 - 0x00007ff99d6e8000 	C:\WINDOWS\System32\combase.dll
0x00007ff999fa0000 - 0x00007ff99a106000 	C:\WINDOWS\SYSTEM32\wintypes.dll
0x00007ff99cdf0000 - 0x00007ff99ceda000 	C:\WINDOWS\System32\SHCORE.dll
0x00007ff99e720000 - 0x00007ff99e77d000 	C:\WINDOWS\System32\shlwapi.dll
0x00007ff99bf40000 - 0x00007ff99bf61000 	C:\WINDOWS\SYSTEM32\profapi.dll
0x00007ff8fa810000 - 0x00007ff8fa9a5000 	C:\Program Files\Java\jdk1.8.0_351\jre\bin\awt.dll
0x00007ff99cd10000 - 0x00007ff99cde6000 	C:\WINDOWS\System32\OLEAUT32.dll
0x00007ff999180000 - 0x00007ff999212000 	C:\WINDOWS\SYSTEM32\apphelp.dll
0x00007ff9996b0000 - 0x00007ff9996df000 	C:\WINDOWS\system32\DWMAPI.DLL
0x00007ff999280000 - 0x00007ff99932c000 	C:\WINDOWS\system32\uxtheme.dll
0x00007ff95f540000 - 0x00007ff95f641000 	C:\WINDOWS\system32\opengl32.dll
0x00007ff95f510000 - 0x00007ff95f53d000 	C:\WINDOWS\SYSTEM32\GLU32.dll
0x00007ff999540000 - 0x00007ff999578000 	C:\WINDOWS\SYSTEM32\dxcore.dll
0x00007ff99d250000 - 0x00007ff99d36d000 	C:\WINDOWS\System32\MSCTF.dll
0x00007ff99d030000 - 0x00007ff99d1ca000 	C:\WINDOWS\System32\ole32.dll
0x00007ff99c290000 - 0x00007ff99c30f000 	C:\WINDOWS\System32\bcryptPrimitives.dll
0x00007ff98b710000 - 0x00007ff98b8b6000 	C:\WINDOWS\system32\d3d9.dll
0x00007ff923070000 - 0x00007ff9231cd000 	C:\WINDOWS\System32\DriverStore\FileRepository\iigd_dch.inf_amd64_2b7bcff446ea567f\igdumdim64.dll
0x00007ff91df50000 - 0x00007ff921822000 	C:\WINDOWS\System32\DriverStore\FileRepository\iigd_dch.inf_amd64_2b7bcff446ea567f\igd9dxva64.dll
0x00007ff99d990000 - 0x00007ff99ddfc000 	C:\WINDOWS\System32\SETUPAPI.dll
0x00007ff99bce0000 - 0x00007ff99bd2c000 	C:\WINDOWS\SYSTEM32\cfgmgr32.dll
0x00007ff990290000 - 0x00007ff990435000 	C:\WINDOWS\System32\DriverStore\FileRepository\iigd_dch.inf_amd64_2b7bcff446ea567f\igdgmm64.dll
0x00007ff994e70000 - 0x00007ff994eb4000 	C:\WINDOWS\SYSTEM32\directxdatabasehelper.dll
0x00007ff99b1a0000 - 0x00007ff99b1d4000 	C:\WINDOWS\SYSTEM32\ntmarta.dll
0x00007ff989f50000 - 0x00007ff98a00e000 	C:\WINDOWS\System32\DriverStore\FileRepository\nvaci.inf_amd64_0d5f6a32b3b983c3\nvldumdx.dll
0x00007ff99b8c0000 - 0x00007ff99b8d2000 	C:\WINDOWS\SYSTEM32\msasn1.dll
0x00007ff994e30000 - 0x00007ff994e61000 	C:\WINDOWS\SYSTEM32\cryptnet.dll
0x00007ff99c7b0000 - 0x00007ff99c912000 	C:\WINDOWS\System32\CRYPT32.dll
0x00007ff994ca0000 - 0x00007ff994de9000 	C:\WINDOWS\SYSTEM32\drvstore.dll
0x00007ff99bd50000 - 0x00007ff99bd7c000 	C:\WINDOWS\SYSTEM32\devobj.dll
0x00007ff99b930000 - 0x00007ff99b971000 	C:\WINDOWS\SYSTEM32\wldp.dll
0x00007ff99b880000 - 0x00007ff99b88c000 	C:\WINDOWS\SYSTEM32\cryptbase.dll
0x00007ff99c010000 - 0x00007ff99c078000 	C:\WINDOWS\System32\WINTRUST.DLL
0x00007ff99cf40000 - 0x00007ff99cf5f000 	C:\WINDOWS\System32\imagehlp.dll
0x00007ff99b860000 - 0x00007ff99b878000 	C:\WINDOWS\SYSTEM32\CRYPTSP.dll
0x00007ff99b0e0000 - 0x00007ff99b115000 	C:\WINDOWS\system32\rsaenh.dll
0x00007ff99b9f0000 - 0x00007ff99ba17000 	C:\WINDOWS\SYSTEM32\bcrypt.dll
0x00007ff91b940000 - 0x00007ff91df49000 	C:\WINDOWS\System32\DriverStore\FileRepository\nvaci.inf_amd64_0d5f6a32b3b983c3\nvd3dumx.dll
0x00007ff8f1ea0000 - 0x00007ff8f216f000 	C:\WINDOWS\system32\nvspcap64.dll
0x00007ff99b6b0000 - 0x00007ff99b6d4000 	C:\WINDOWS\SYSTEM32\gpapi.dll
0x00007ff96e550000 - 0x00007ff96e599000 	C:\Program Files\Java\jdk1.8.0_351\jre\bin\fontmanager.dll
0x00007ff96e5c0000 - 0x00007ff96e5dc000 	C:\Program Files\Java\jdk1.8.0_351\jre\bin\net.dll
0x00007ff99b620000 - 0x00007ff99b687000 	C:\WINDOWS\system32\mswsock.dll
0x00007ff96e5a0000 - 0x00007ff96e5b3000 	C:\Program Files\Java\jdk1.8.0_351\jre\bin\nio.dll
0x00007ff937290000 - 0x00007ff9372d3000 	C:\Program Files\Java\jdk1.8.0_351\jre\bin\t2k.dll
0x00007ff99cf70000 - 0x00007ff99d025000 	C:\WINDOWS\System32\clbcatq.dll
0x00007ff993030000 - 0x00007ff9931de000 	C:\WINDOWS\SYSTEM32\WindowsCodecs.dll
0x00007ff95f4b0000 - 0x00007ff95f50d000 	C:\WINDOWS\system32\dataexchange.dll
0x00007ff9910a0000 - 0x00007ff991306000 	C:\WINDOWS\system32\twinapi.appcore.dll
0x00007ff973ad0000 - 0x00007ff973bfd000 	C:\WINDOWS\SYSTEM32\textinputframework.dll
0x00007ff998e90000 - 0x00007ff998fc1000 	C:\WINDOWS\SYSTEM32\CoreMessaging.dll
0x00007ff9940a0000 - 0x00007ff99440d000 	C:\WINDOWS\SYSTEM32\CoreUIComponents.dll
0x0000000180000000 - 0x0000000180025000 	C:\Program Files\Java\jre1.8.0_351\bin\rxtxSerial.dll
0x00007ff999a80000 - 0x00007ff999ca1000 	C:\WINDOWS\SYSTEM32\dbghelp.dll

VM Arguments:
jvm_args: -Dfile.encoding=UTF-8 
java_command: plc_java.PLC_JAVA
java_class_path (initial): C:\Users\joao_\Desktop\biblioteca RXTX\mfz-rxtx-2.2-20081207-win-x64\RXTXcomm.jar;C:\Users\joao_\Desktop\Faculdade 2022-2\CLP\repositorioTrabFInal\PLC_JAVA\build\classes
Launcher Type: SUN_STANDARD

Environment Variables:
JAVA_HOME=C:\Program Files\Java\jdk1.8.0_351
PATH=C:\Program Files\Common Files\Oracle\Java\javapath;C:\Program Files (x86)\Common Files\Oracle\Java\javapath;C:\Program Files\Microsoft\jdk-17.0.1.12-hotspot\bin;C:\Windows\system32;C:\Windows;C:\Windows\System32\Wbem;C:\Windows\System32\WindowsPowerShell\v1.0\;C:\Windows\System32\OpenSSH\;C:\Program Files (x86)\NVIDIA Corporation\PhysX\Common;C:\Program Files\NVIDIA Corporation\NVIDIA NvDLISR;C:\WINDOWS\system32;C:\WINDOWS;C:\WINDOWS\System32\Wbem;C:\WINDOWS\System32\WindowsPowerShell\v1.0\;C:\WINDOWS\System32\OpenSSH\;C:\Program Files\apache-maven-3.8.4\bin;C:\Program Files\Java\jdk1.8.0_351\bin;C:\PROGRA~2\PICC;C:\Program Files\Git\cmd;C:\Program Files\dotnet\;C:\Program Files\Kotlin\kotlinc\bin;C:\Program Files\Gradle\gradle-7.4.2\bin;C:\Users\joao_\AppData\Roaming\nvm;C:\Program Files\nodejs;C:\Program Files\Java\jre1.8.0_351\bin;C:\Users\joao_\AppData\Local\Microsoft\WindowsApps;C:\Users\joao_\AppData\Roaming\npm;C:\Program Files\Gradle\gradle-7.4.2\bin;C:\src\flutter\bin;C:\Users\joao_\AppData\Local\Programs\Microsoft VS Code\bin;C:\Users\joao_\AppData\Roaming\nvm;C:\Program Files\nodejs
USERNAME=joao_
OS=Windows_NT
PROCESSOR_IDENTIFIER=Intel64 Family 6 Model 165 Stepping 2, GenuineIntel



---------------  S Y S T E M  ---------------

OS: Windows 11 , 64 bit Build 22000 (10.0.22000.1219)

CPU:total 12 (initial active 12) (6 cores per cpu, 2 threads per core) family 6 model 165 stepping 2, cmov, cx8, fxsr, mmx, sse, sse2, sse3, ssse3, sse4.1, sse4.2, popcnt, avx, avx2, aes, clmul, erms, 3dnowpref, lzcnt, ht, tsc, tscinvbit, bmi1, bmi2, adx

Memory: 4k page, physical 16604212k(7685188k free), swap 21322804k(8161396k free)

vm_info: Java HotSpot(TM) 64-Bit Server VM (25.351-b10) for windows-amd64 JRE (1.8.0_351-b10), built on Sep 15 2022 02:58:06 by "java_re" with MS VC++ 15.9 (VS2017)

time: Tue Nov 29 23:01:00 2022
timezone: Hora oficial do Brasil
elapsed time: 60.279805 seconds (0d 0h 1m 0s)

